The system is: Linux - 3.16.0-44-generic - x86_64
Compiling the CXX compiler identification source file "CMakeCXXCompilerId.cpp" succeeded.
Compiler: /usr/bin/c++ 
Build flags: 
Id flags: 

The output was:
0


Compilation of the CXX compiler identification source "CMakeCXXCompilerId.cpp" produced "a.out"

The CXX compiler identification is GNU, found in "/media/christian/DATA/OCV_Android_2410/opencv-2.4.10/build/CMakeFiles/2.8.12.2/CompilerIdCXX/a.out"

Compiling the C compiler identification source file "CMakeCCompilerId.c" succeeded.
Compiler: /usr/bin/cc 
Build flags: 
Id flags: 

The output was:
0


Compilation of the C compiler identification source "CMakeCCompilerId.c" produced "a.out"

The C compiler identification is GNU, found in "/media/christian/DATA/OCV_Android_2410/opencv-2.4.10/build/CMakeFiles/2.8.12.2/CompilerIdC/a.out"

Determining if the CXX compiler works passed with the following output:
Change Dir: /media/christian/DATA/OCV_Android_2410/opencv-2.4.10/build/CMakeFiles/CMakeTmp

Run Build Command:/usr/bin/make "cmTryCompileExec2682660516/fast"
/usr/bin/make -f CMakeFiles/cmTryCompileExec2682660516.dir/build.make CMakeFiles/cmTryCompileExec2682660516.dir/build
make[1]: Entering directory '/media/christian/DATA/OCV_Android_2410/opencv-2.4.10/build/CMakeFiles/CMakeTmp'
/usr/bin/cmake -E cmake_progress_report /media/christian/DATA/OCV_Android_2410/opencv-2.4.10/build/CMakeFiles/CMakeTmp/CMakeFiles 1
Building CXX object CMakeFiles/cmTryCompileExec2682660516.dir/testCXXCompiler.cxx.o
/usr/bin/c++     -o CMakeFiles/cmTryCompileExec2682660516.dir/testCXXCompiler.cxx.o -c /media/christian/DATA/OCV_Android_2410/opencv-2.4.10/build/CMakeFiles/CMakeTmp/testCXXCompiler.cxx
Linking CXX executable cmTryCompileExec2682660516
/usr/bin/cmake -E cmake_link_script CMakeFiles/cmTryCompileExec2682660516.dir/link.txt --verbose=1
/usr/bin/c++        CMakeFiles/cmTryCompileExec2682660516.dir/testCXXCompiler.cxx.o  -o cmTryCompileExec2682660516 -rdynamic 
make[1]: Leaving directory '/media/christian/DATA/OCV_Android_2410/opencv-2.4.10/build/CMakeFiles/CMakeTmp'


Detecting CXX compiler ABI info compiled with the following output:
Change Dir: /media/christian/DATA/OCV_Android_2410/opencv-2.4.10/build/CMakeFiles/CMakeTmp

Run Build Command:/usr/bin/make "cmTryCompileExec2095156702/fast"
/usr/bin/make -f CMakeFiles/cmTryCompileExec2095156702.dir/build.make CMakeFiles/cmTryCompileExec2095156702.dir/build
make[1]: Entering directory '/media/christian/DATA/OCV_Android_2410/opencv-2.4.10/build/CMakeFiles/CMakeTmp'
/usr/bin/cmake -E cmake_progress_report /media/christian/DATA/OCV_Android_2410/opencv-2.4.10/build/CMakeFiles/CMakeTmp/CMakeFiles 1
Building CXX object CMakeFiles/cmTryCompileExec2095156702.dir/CMakeCXXCompilerABI.cpp.o
/usr/bin/c++     -o CMakeFiles/cmTryCompileExec2095156702.dir/CMakeCXXCompilerABI.cpp.o -c /usr/share/cmake-2.8/Modules/CMakeCXXCompilerABI.cpp
Linking CXX executable cmTryCompileExec2095156702
/usr/bin/cmake -E cmake_link_script CMakeFiles/cmTryCompileExec2095156702.dir/link.txt --verbose=1
/usr/bin/c++      -v CMakeFiles/cmTryCompileExec2095156702.dir/CMakeCXXCompilerABI.cpp.o  -o cmTryCompileExec2095156702 -rdynamic  
Using built-in specs.
COLLECT_GCC=/usr/bin/c++
COLLECT_LTO_WRAPPER=/usr/lib/gcc/x86_64-linux-gnu/4.9/lto-wrapper
Target: x86_64-linux-gnu
Configured with: ../src/configure -v --with-pkgversion='Ubuntu 4.9.1-16ubuntu6' --with-bugurl=file:///usr/share/doc/gcc-4.9/README.Bugs --enable-languages=c,c++,java,go,d,fortran,objc,obj-c++ --prefix=/usr --program-suffix=-4.9 --enable-shared --enable-linker-build-id --libexecdir=/usr/lib --without-included-gettext --enable-threads=posix --with-gxx-include-dir=/usr/include/c++/4.9 --libdir=/usr/lib --enable-nls --with-sysroot=/ --enable-clocale=gnu --enable-libstdcxx-debug --enable-libstdcxx-time=yes --enable-gnu-unique-object --disable-vtable-verify --enable-plugin --with-system-zlib --disable-browser-plugin --enable-java-awt=gtk --enable-gtk-cairo --with-java-home=/usr/lib/jvm/java-1.5.0-gcj-4.9-amd64/jre --enable-java-home --with-jvm-root-dir=/usr/lib/jvm/java-1.5.0-gcj-4.9-amd64 --with-jvm-jar-dir=/usr/lib/jvm-exports/java-1.5.0-gcj-4.9-amd64 --with-arch-directory=amd64 --with-ecj-jar=/usr/share/java/eclipse-ecj.jar --enable-objc-gc --enable-multiarch --disable-werror --with-arch-32=i686 --with-abi=m64 --with-multilib-list=m32,m64,mx32 --enable-multilib --with-tune=generic --enable-checking=release --build=x86_64-linux-gnu --host=x86_64-linux-gnu --target=x86_64-linux-gnu
Thread model: posix
gcc version 4.9.1 (Ubuntu 4.9.1-16ubuntu6) 
COMPILER_PATH=/usr/lib/gcc/x86_64-linux-gnu/4.9/:/usr/lib/gcc/x86_64-linux-gnu/4.9/:/usr/lib/gcc/x86_64-linux-gnu/:/usr/lib/gcc/x86_64-linux-gnu/4.9/:/usr/lib/gcc/x86_64-linux-gnu/
LIBRARY_PATH=/usr/lib/gcc/x86_64-linux-gnu/4.9/:/usr/lib/gcc/x86_64-linux-gnu/4.9/../../../x86_64-linux-gnu/:/usr/lib/gcc/x86_64-linux-gnu/4.9/../../../../lib/:/lib/x86_64-linux-gnu/:/lib/../lib/:/usr/lib/x86_64-linux-gnu/:/usr/lib/../lib/:/usr/lib/gcc/x86_64-linux-gnu/4.9/../../../:/lib/:/usr/lib/
COLLECT_GCC_OPTIONS='-v' '-o' 'cmTryCompileExec2095156702' '-rdynamic' '-shared-libgcc' '-mtune=generic' '-march=x86-64'
 /usr/lib/gcc/x86_64-linux-gnu/4.9/collect2 -plugin /usr/lib/gcc/x86_64-linux-gnu/4.9/liblto_plugin.so -plugin-opt=/usr/lib/gcc/x86_64-linux-gnu/4.9/lto-wrapper -plugin-opt=-fresolution=/tmp/ccq6QW1p.res -plugin-opt=-pass-through=-lgcc_s -plugin-opt=-pass-through=-lgcc -plugin-opt=-pass-through=-lc -plugin-opt=-pass-through=-lgcc_s -plugin-opt=-pass-through=-lgcc --sysroot=/ --build-id --eh-frame-hdr -m elf_x86_64 --hash-style=gnu --as-needed -export-dynamic -dynamic-linker /lib64/ld-linux-x86-64.so.2 -z relro -o cmTryCompileExec2095156702 /usr/lib/gcc/x86_64-linux-gnu/4.9/../../../x86_64-linux-gnu/crt1.o /usr/lib/gcc/x86_64-linux-gnu/4.9/../../../x86_64-linux-gnu/crti.o /usr/lib/gcc/x86_64-linux-gnu/4.9/crtbegin.o -L/usr/lib/gcc/x86_64-linux-gnu/4.9 -L/usr/lib/gcc/x86_64-linux-gnu/4.9/../../../x86_64-linux-gnu -L/usr/lib/gcc/x86_64-linux-gnu/4.9/../../../../lib -L/lib/x86_64-linux-gnu -L/lib/../lib -L/usr/lib/x86_64-linux-gnu -L/usr/lib/../lib -L/usr/lib/gcc/x86_64-linux-gnu/4.9/../../.. CMakeFiles/cmTryCompileExec2095156702.dir/CMakeCXXCompilerABI.cpp.o -lstdc++ -lm -lgcc_s -lgcc -lc -lgcc_s -lgcc /usr/lib/gcc/x86_64-linux-gnu/4.9/crtend.o /usr/lib/gcc/x86_64-linux-gnu/4.9/../../../x86_64-linux-gnu/crtn.o
make[1]: Leaving directory '/media/christian/DATA/OCV_Android_2410/opencv-2.4.10/build/CMakeFiles/CMakeTmp'


Parsed CXX implicit link information from above output:
  link line regex: [^( *|.*[/\])(ld|([^/\]+-)?ld|collect2)[^/\]*( |$)]
  ignore line: [Change Dir: /media/christian/DATA/OCV_Android_2410/opencv-2.4.10/build/CMakeFiles/CMakeTmp]
  ignore line: []
  ignore line: [Run Build Command:/usr/bin/make "cmTryCompileExec2095156702/fast"]
  ignore line: [/usr/bin/make -f CMakeFiles/cmTryCompileExec2095156702.dir/build.make CMakeFiles/cmTryCompileExec2095156702.dir/build]
  ignore line: [make[1]: Entering directory '/media/christian/DATA/OCV_Android_2410/opencv-2.4.10/build/CMakeFiles/CMakeTmp']
  ignore line: [/usr/bin/cmake -E cmake_progress_report /media/christian/DATA/OCV_Android_2410/opencv-2.4.10/build/CMakeFiles/CMakeTmp/CMakeFiles 1]
  ignore line: [Building CXX object CMakeFiles/cmTryCompileExec2095156702.dir/CMakeCXXCompilerABI.cpp.o]
  ignore line: [/usr/bin/c++     -o CMakeFiles/cmTryCompileExec2095156702.dir/CMakeCXXCompilerABI.cpp.o -c /usr/share/cmake-2.8/Modules/CMakeCXXCompilerABI.cpp]
  ignore line: [Linking CXX executable cmTryCompileExec2095156702]
  ignore line: [/usr/bin/cmake -E cmake_link_script CMakeFiles/cmTryCompileExec2095156702.dir/link.txt --verbose=1]
  ignore line: [/usr/bin/c++      -v CMakeFiles/cmTryCompileExec2095156702.dir/CMakeCXXCompilerABI.cpp.o  -o cmTryCompileExec2095156702 -rdynamic  ]
  ignore line: [Using built-in specs.]
  ignore line: [COLLECT_GCC=/usr/bin/c++]
  ignore line: [COLLECT_LTO_WRAPPER=/usr/lib/gcc/x86_64-linux-gnu/4.9/lto-wrapper]
  ignore line: [Target: x86_64-linux-gnu]
  ignore line: [Configured with: ../src/configure -v --with-pkgversion='Ubuntu 4.9.1-16ubuntu6' --with-bugurl=file:///usr/share/doc/gcc-4.9/README.Bugs --enable-languages=c,c++,java,go,d,fortran,objc,obj-c++ --prefix=/usr --program-suffix=-4.9 --enable-shared --enable-linker-build-id --libexecdir=/usr/lib --without-included-gettext --enable-threads=posix --with-gxx-include-dir=/usr/include/c++/4.9 --libdir=/usr/lib --enable-nls --with-sysroot=/ --enable-clocale=gnu --enable-libstdcxx-debug --enable-libstdcxx-time=yes --enable-gnu-unique-object --disable-vtable-verify --enable-plugin --with-system-zlib --disable-browser-plugin --enable-java-awt=gtk --enable-gtk-cairo --with-java-home=/usr/lib/jvm/java-1.5.0-gcj-4.9-amd64/jre --enable-java-home --with-jvm-root-dir=/usr/lib/jvm/java-1.5.0-gcj-4.9-amd64 --with-jvm-jar-dir=/usr/lib/jvm-exports/java-1.5.0-gcj-4.9-amd64 --with-arch-directory=amd64 --with-ecj-jar=/usr/share/java/eclipse-ecj.jar --enable-objc-gc --enable-multiarch --disable-werror --with-arch-32=i686 --with-abi=m64 --with-multilib-list=m32,m64,mx32 --enable-multilib --with-tune=generic --enable-checking=release --build=x86_64-linux-gnu --host=x86_64-linux-gnu --target=x86_64-linux-gnu]
  ignore line: [Thread model: posix]
  ignore line: [gcc version 4.9.1 (Ubuntu 4.9.1-16ubuntu6) ]
  ignore line: [COMPILER_PATH=/usr/lib/gcc/x86_64-linux-gnu/4.9/:/usr/lib/gcc/x86_64-linux-gnu/4.9/:/usr/lib/gcc/x86_64-linux-gnu/:/usr/lib/gcc/x86_64-linux-gnu/4.9/:/usr/lib/gcc/x86_64-linux-gnu/]
  ignore line: [LIBRARY_PATH=/usr/lib/gcc/x86_64-linux-gnu/4.9/:/usr/lib/gcc/x86_64-linux-gnu/4.9/../../../x86_64-linux-gnu/:/usr/lib/gcc/x86_64-linux-gnu/4.9/../../../../lib/:/lib/x86_64-linux-gnu/:/lib/../lib/:/usr/lib/x86_64-linux-gnu/:/usr/lib/../lib/:/usr/lib/gcc/x86_64-linux-gnu/4.9/../../../:/lib/:/usr/lib/]
  ignore line: [COLLECT_GCC_OPTIONS='-v' '-o' 'cmTryCompileExec2095156702' '-rdynamic' '-shared-libgcc' '-mtune=generic' '-march=x86-64']
  link line: [ /usr/lib/gcc/x86_64-linux-gnu/4.9/collect2 -plugin /usr/lib/gcc/x86_64-linux-gnu/4.9/liblto_plugin.so -plugin-opt=/usr/lib/gcc/x86_64-linux-gnu/4.9/lto-wrapper -plugin-opt=-fresolution=/tmp/ccq6QW1p.res -plugin-opt=-pass-through=-lgcc_s -plugin-opt=-pass-through=-lgcc -plugin-opt=-pass-through=-lc -plugin-opt=-pass-through=-lgcc_s -plugin-opt=-pass-through=-lgcc --sysroot=/ --build-id --eh-frame-hdr -m elf_x86_64 --hash-style=gnu --as-needed -export-dynamic -dynamic-linker /lib64/ld-linux-x86-64.so.2 -z relro -o cmTryCompileExec2095156702 /usr/lib/gcc/x86_64-linux-gnu/4.9/../../../x86_64-linux-gnu/crt1.o /usr/lib/gcc/x86_64-linux-gnu/4.9/../../../x86_64-linux-gnu/crti.o /usr/lib/gcc/x86_64-linux-gnu/4.9/crtbegin.o -L/usr/lib/gcc/x86_64-linux-gnu/4.9 -L/usr/lib/gcc/x86_64-linux-gnu/4.9/../../../x86_64-linux-gnu -L/usr/lib/gcc/x86_64-linux-gnu/4.9/../../../../lib -L/lib/x86_64-linux-gnu -L/lib/../lib -L/usr/lib/x86_64-linux-gnu -L/usr/lib/../lib -L/usr/lib/gcc/x86_64-linux-gnu/4.9/../../.. CMakeFiles/cmTryCompileExec2095156702.dir/CMakeCXXCompilerABI.cpp.o -lstdc++ -lm -lgcc_s -lgcc -lc -lgcc_s -lgcc /usr/lib/gcc/x86_64-linux-gnu/4.9/crtend.o /usr/lib/gcc/x86_64-linux-gnu/4.9/../../../x86_64-linux-gnu/crtn.o]
    arg [/usr/lib/gcc/x86_64-linux-gnu/4.9/collect2] ==> ignore
    arg [-plugin] ==> ignore
    arg [/usr/lib/gcc/x86_64-linux-gnu/4.9/liblto_plugin.so] ==> ignore
    arg [-plugin-opt=/usr/lib/gcc/x86_64-linux-gnu/4.9/lto-wrapper] ==> ignore
    arg [-plugin-opt=-fresolution=/tmp/ccq6QW1p.res] ==> ignore
    arg [-plugin-opt=-pass-through=-lgcc_s] ==> ignore
    arg [-plugin-opt=-pass-through=-lgcc] ==> ignore
    arg [-plugin-opt=-pass-through=-lc] ==> ignore
    arg [-plugin-opt=-pass-through=-lgcc_s] ==> ignore
    arg [-plugin-opt=-pass-through=-lgcc] ==> ignore
    arg [--sysroot=/] ==> ignore
    arg [--build-id] ==> ignore
    arg [--eh-frame-hdr] ==> ignore
    arg [-m] ==> ignore
    arg [elf_x86_64] ==> ignore
    arg [--hash-style=gnu] ==> ignore
    arg [--as-needed] ==> ignore
    arg [-export-dynamic] ==> ignore
    arg [-dynamic-linker] ==> ignore
    arg [/lib64/ld-linux-x86-64.so.2] ==> ignore
    arg [-zrelro] ==> ignore
    arg [-o] ==> ignore
    arg [cmTryCompileExec2095156702] ==> ignore
    arg [/usr/lib/gcc/x86_64-linux-gnu/4.9/../../../x86_64-linux-gnu/crt1.o] ==> ignore
    arg [/usr/lib/gcc/x86_64-linux-gnu/4.9/../../../x86_64-linux-gnu/crti.o] ==> ignore
    arg [/usr/lib/gcc/x86_64-linux-gnu/4.9/crtbegin.o] ==> ignore
    arg [-L/usr/lib/gcc/x86_64-linux-gnu/4.9] ==> dir [/usr/lib/gcc/x86_64-linux-gnu/4.9]
    arg [-L/usr/lib/gcc/x86_64-linux-gnu/4.9/../../../x86_64-linux-gnu] ==> dir [/usr/lib/gcc/x86_64-linux-gnu/4.9/../../../x86_64-linux-gnu]
    arg [-L/usr/lib/gcc/x86_64-linux-gnu/4.9/../../../../lib] ==> dir [/usr/lib/gcc/x86_64-linux-gnu/4.9/../../../../lib]
    arg [-L/lib/x86_64-linux-gnu] ==> dir [/lib/x86_64-linux-gnu]
    arg [-L/lib/../lib] ==> dir [/lib/../lib]
    arg [-L/usr/lib/x86_64-linux-gnu] ==> dir [/usr/lib/x86_64-linux-gnu]
    arg [-L/usr/lib/../lib] ==> dir [/usr/lib/../lib]
    arg [-L/usr/lib/gcc/x86_64-linux-gnu/4.9/../../..] ==> dir [/usr/lib/gcc/x86_64-linux-gnu/4.9/../../..]
    arg [CMakeFiles/cmTryCompileExec2095156702.dir/CMakeCXXCompilerABI.cpp.o] ==> ignore
    arg [-lstdc++] ==> lib [stdc++]
    arg [-lm] ==> lib [m]
    arg [-lgcc_s] ==> lib [gcc_s]
    arg [-lgcc] ==> lib [gcc]
    arg [-lc] ==> lib [c]
    arg [-lgcc_s] ==> lib [gcc_s]
    arg [-lgcc] ==> lib [gcc]
    arg [/usr/lib/gcc/x86_64-linux-gnu/4.9/crtend.o] ==> ignore
    arg [/usr/lib/gcc/x86_64-linux-gnu/4.9/../../../x86_64-linux-gnu/crtn.o] ==> ignore
  remove lib [gcc_s]
  remove lib [gcc]
  remove lib [gcc_s]
  remove lib [gcc]
  collapse library dir [/usr/lib/gcc/x86_64-linux-gnu/4.9] ==> [/usr/lib/gcc/x86_64-linux-gnu/4.9]
  collapse library dir [/usr/lib/gcc/x86_64-linux-gnu/4.9/../../../x86_64-linux-gnu] ==> [/usr/lib/x86_64-linux-gnu]
  collapse library dir [/usr/lib/gcc/x86_64-linux-gnu/4.9/../../../../lib] ==> [/usr/lib]
  collapse library dir [/lib/x86_64-linux-gnu] ==> [/lib/x86_64-linux-gnu]
  collapse library dir [/lib/../lib] ==> [/lib]
  collapse library dir [/usr/lib/x86_64-linux-gnu] ==> [/usr/lib/x86_64-linux-gnu]
  collapse library dir [/usr/lib/../lib] ==> [/usr/lib]
  collapse library dir [/usr/lib/gcc/x86_64-linux-gnu/4.9/../../..] ==> [/usr/lib]
  implicit libs: [stdc++;m;c]
  implicit dirs: [/usr/lib/gcc/x86_64-linux-gnu/4.9;/usr/lib/x86_64-linux-gnu;/usr/lib;/lib/x86_64-linux-gnu;/lib]
  implicit fwks: []


Determining if the C compiler works passed with the following output:
Change Dir: /media/christian/DATA/OCV_Android_2410/opencv-2.4.10/build/CMakeFiles/CMakeTmp

Run Build Command:/usr/bin/make "cmTryCompileExec3903225514/fast"
/usr/bin/make -f CMakeFiles/cmTryCompileExec3903225514.dir/build.make CMakeFiles/cmTryCompileExec3903225514.dir/build
make[1]: Entering directory '/media/christian/DATA/OCV_Android_2410/opencv-2.4.10/build/CMakeFiles/CMakeTmp'
/usr/bin/cmake -E cmake_progress_report /media/christian/DATA/OCV_Android_2410/opencv-2.4.10/build/CMakeFiles/CMakeTmp/CMakeFiles 1
Building C object CMakeFiles/cmTryCompileExec3903225514.dir/testCCompiler.c.o
/usr/bin/cc    -o CMakeFiles/cmTryCompileExec3903225514.dir/testCCompiler.c.o   -c /media/christian/DATA/OCV_Android_2410/opencv-2.4.10/build/CMakeFiles/CMakeTmp/testCCompiler.c
Linking C executable cmTryCompileExec3903225514
/usr/bin/cmake -E cmake_link_script CMakeFiles/cmTryCompileExec3903225514.dir/link.txt --verbose=1
/usr/bin/cc       CMakeFiles/cmTryCompileExec3903225514.dir/testCCompiler.c.o  -o cmTryCompileExec3903225514 -rdynamic 
make[1]: Leaving directory '/media/christian/DATA/OCV_Android_2410/opencv-2.4.10/build/CMakeFiles/CMakeTmp'


Detecting C compiler ABI info compiled with the following output:
Change Dir: /media/christian/DATA/OCV_Android_2410/opencv-2.4.10/build/CMakeFiles/CMakeTmp

Run Build Command:/usr/bin/make "cmTryCompileExec287977864/fast"
/usr/bin/make -f CMakeFiles/cmTryCompileExec287977864.dir/build.make CMakeFiles/cmTryCompileExec287977864.dir/build
make[1]: Entering directory '/media/christian/DATA/OCV_Android_2410/opencv-2.4.10/build/CMakeFiles/CMakeTmp'
/usr/bin/cmake -E cmake_progress_report /media/christian/DATA/OCV_Android_2410/opencv-2.4.10/build/CMakeFiles/CMakeTmp/CMakeFiles 1
Building C object CMakeFiles/cmTryCompileExec287977864.dir/CMakeCCompilerABI.c.o
/usr/bin/cc    -o CMakeFiles/cmTryCompileExec287977864.dir/CMakeCCompilerABI.c.o   -c /usr/share/cmake-2.8/Modules/CMakeCCompilerABI.c
Linking C executable cmTryCompileExec287977864
/usr/bin/cmake -E cmake_link_script CMakeFiles/cmTryCompileExec287977864.dir/link.txt --verbose=1
/usr/bin/cc     -v CMakeFiles/cmTryCompileExec287977864.dir/CMakeCCompilerABI.c.o  -o cmTryCompileExec287977864 -rdynamic  
Using built-in specs.
COLLECT_GCC=/usr/bin/cc
COLLECT_LTO_WRAPPER=/usr/lib/gcc/x86_64-linux-gnu/4.9/lto-wrapper
Target: x86_64-linux-gnu
Configured with: ../src/configure -v --with-pkgversion='Ubuntu 4.9.1-16ubuntu6' --with-bugurl=file:///usr/share/doc/gcc-4.9/README.Bugs --enable-languages=c,c++,java,go,d,fortran,objc,obj-c++ --prefix=/usr --program-suffix=-4.9 --enable-shared --enable-linker-build-id --libexecdir=/usr/lib --without-included-gettext --enable-threads=posix --with-gxx-include-dir=/usr/include/c++/4.9 --libdir=/usr/lib --enable-nls --with-sysroot=/ --enable-clocale=gnu --enable-libstdcxx-debug --enable-libstdcxx-time=yes --enable-gnu-unique-object --disable-vtable-verify --enable-plugin --with-system-zlib --disable-browser-plugin --enable-java-awt=gtk --enable-gtk-cairo --with-java-home=/usr/lib/jvm/java-1.5.0-gcj-4.9-amd64/jre --enable-java-home --with-jvm-root-dir=/usr/lib/jvm/java-1.5.0-gcj-4.9-amd64 --with-jvm-jar-dir=/usr/lib/jvm-exports/java-1.5.0-gcj-4.9-amd64 --with-arch-directory=amd64 --with-ecj-jar=/usr/share/java/eclipse-ecj.jar --enable-objc-gc --enable-multiarch --disable-werror --with-arch-32=i686 --with-abi=m64 --with-multilib-list=m32,m64,mx32 --enable-multilib --with-tune=generic --enable-checking=release --build=x86_64-linux-gnu --host=x86_64-linux-gnu --target=x86_64-linux-gnu
Thread model: posix
gcc version 4.9.1 (Ubuntu 4.9.1-16ubuntu6) 
COMPILER_PATH=/usr/lib/gcc/x86_64-linux-gnu/4.9/:/usr/lib/gcc/x86_64-linux-gnu/4.9/:/usr/lib/gcc/x86_64-linux-gnu/:/usr/lib/gcc/x86_64-linux-gnu/4.9/:/usr/lib/gcc/x86_64-linux-gnu/
LIBRARY_PATH=/usr/lib/gcc/x86_64-linux-gnu/4.9/:/usr/lib/gcc/x86_64-linux-gnu/4.9/../../../x86_64-linux-gnu/:/usr/lib/gcc/x86_64-linux-gnu/4.9/../../../../lib/:/lib/x86_64-linux-gnu/:/lib/../lib/:/usr/lib/x86_64-linux-gnu/:/usr/lib/../lib/:/usr/lib/gcc/x86_64-linux-gnu/4.9/../../../:/lib/:/usr/lib/
COLLECT_GCC_OPTIONS='-v' '-o' 'cmTryCompileExec287977864' '-rdynamic' '-mtune=generic' '-march=x86-64'
 /usr/lib/gcc/x86_64-linux-gnu/4.9/collect2 -plugin /usr/lib/gcc/x86_64-linux-gnu/4.9/liblto_plugin.so -plugin-opt=/usr/lib/gcc/x86_64-linux-gnu/4.9/lto-wrapper -plugin-opt=-fresolution=/tmp/ccqOsDiH.res -plugin-opt=-pass-through=-lgcc -plugin-opt=-pass-through=-lgcc_s -plugin-opt=-pass-through=-lc -plugin-opt=-pass-through=-lgcc -plugin-opt=-pass-through=-lgcc_s --sysroot=/ --build-id --eh-frame-hdr -m elf_x86_64 --hash-style=gnu --as-needed -export-dynamic -dynamic-linker /lib64/ld-linux-x86-64.so.2 -z relro -o cmTryCompileExec287977864 /usr/lib/gcc/x86_64-linux-gnu/4.9/../../../x86_64-linux-gnu/crt1.o /usr/lib/gcc/x86_64-linux-gnu/4.9/../../../x86_64-linux-gnu/crti.o /usr/lib/gcc/x86_64-linux-gnu/4.9/crtbegin.o -L/usr/lib/gcc/x86_64-linux-gnu/4.9 -L/usr/lib/gcc/x86_64-linux-gnu/4.9/../../../x86_64-linux-gnu -L/usr/lib/gcc/x86_64-linux-gnu/4.9/../../../../lib -L/lib/x86_64-linux-gnu -L/lib/../lib -L/usr/lib/x86_64-linux-gnu -L/usr/lib/../lib -L/usr/lib/gcc/x86_64-linux-gnu/4.9/../../.. CMakeFiles/cmTryCompileExec287977864.dir/CMakeCCompilerABI.c.o -lgcc --as-needed -lgcc_s --no-as-needed -lc -lgcc --as-needed -lgcc_s --no-as-needed /usr/lib/gcc/x86_64-linux-gnu/4.9/crtend.o /usr/lib/gcc/x86_64-linux-gnu/4.9/../../../x86_64-linux-gnu/crtn.o
make[1]: Leaving directory '/media/christian/DATA/OCV_Android_2410/opencv-2.4.10/build/CMakeFiles/CMakeTmp'


Parsed C implicit link information from above output:
  link line regex: [^( *|.*[/\])(ld|([^/\]+-)?ld|collect2)[^/\]*( |$)]
  ignore line: [Change Dir: /media/christian/DATA/OCV_Android_2410/opencv-2.4.10/build/CMakeFiles/CMakeTmp]
  ignore line: []
  ignore line: [Run Build Command:/usr/bin/make "cmTryCompileExec287977864/fast"]
  ignore line: [/usr/bin/make -f CMakeFiles/cmTryCompileExec287977864.dir/build.make CMakeFiles/cmTryCompileExec287977864.dir/build]
  ignore line: [make[1]: Entering directory '/media/christian/DATA/OCV_Android_2410/opencv-2.4.10/build/CMakeFiles/CMakeTmp']
  ignore line: [/usr/bin/cmake -E cmake_progress_report /media/christian/DATA/OCV_Android_2410/opencv-2.4.10/build/CMakeFiles/CMakeTmp/CMakeFiles 1]
  ignore line: [Building C object CMakeFiles/cmTryCompileExec287977864.dir/CMakeCCompilerABI.c.o]
  ignore line: [/usr/bin/cc    -o CMakeFiles/cmTryCompileExec287977864.dir/CMakeCCompilerABI.c.o   -c /usr/share/cmake-2.8/Modules/CMakeCCompilerABI.c]
  ignore line: [Linking C executable cmTryCompileExec287977864]
  ignore line: [/usr/bin/cmake -E cmake_link_script CMakeFiles/cmTryCompileExec287977864.dir/link.txt --verbose=1]
  ignore line: [/usr/bin/cc     -v CMakeFiles/cmTryCompileExec287977864.dir/CMakeCCompilerABI.c.o  -o cmTryCompileExec287977864 -rdynamic  ]
  ignore line: [Using built-in specs.]
  ignore line: [COLLECT_GCC=/usr/bin/cc]
  ignore line: [COLLECT_LTO_WRAPPER=/usr/lib/gcc/x86_64-linux-gnu/4.9/lto-wrapper]
  ignore line: [Target: x86_64-linux-gnu]
  ignore line: [Configured with: ../src/configure -v --with-pkgversion='Ubuntu 4.9.1-16ubuntu6' --with-bugurl=file:///usr/share/doc/gcc-4.9/README.Bugs --enable-languages=c,c++,java,go,d,fortran,objc,obj-c++ --prefix=/usr --program-suffix=-4.9 --enable-shared --enable-linker-build-id --libexecdir=/usr/lib --without-included-gettext --enable-threads=posix --with-gxx-include-dir=/usr/include/c++/4.9 --libdir=/usr/lib --enable-nls --with-sysroot=/ --enable-clocale=gnu --enable-libstdcxx-debug --enable-libstdcxx-time=yes --enable-gnu-unique-object --disable-vtable-verify --enable-plugin --with-system-zlib --disable-browser-plugin --enable-java-awt=gtk --enable-gtk-cairo --with-java-home=/usr/lib/jvm/java-1.5.0-gcj-4.9-amd64/jre --enable-java-home --with-jvm-root-dir=/usr/lib/jvm/java-1.5.0-gcj-4.9-amd64 --with-jvm-jar-dir=/usr/lib/jvm-exports/java-1.5.0-gcj-4.9-amd64 --with-arch-directory=amd64 --with-ecj-jar=/usr/share/java/eclipse-ecj.jar --enable-objc-gc --enable-multiarch --disable-werror --with-arch-32=i686 --with-abi=m64 --with-multilib-list=m32,m64,mx32 --enable-multilib --with-tune=generic --enable-checking=release --build=x86_64-linux-gnu --host=x86_64-linux-gnu --target=x86_64-linux-gnu]
  ignore line: [Thread model: posix]
  ignore line: [gcc version 4.9.1 (Ubuntu 4.9.1-16ubuntu6) ]
  ignore line: [COMPILER_PATH=/usr/lib/gcc/x86_64-linux-gnu/4.9/:/usr/lib/gcc/x86_64-linux-gnu/4.9/:/usr/lib/gcc/x86_64-linux-gnu/:/usr/lib/gcc/x86_64-linux-gnu/4.9/:/usr/lib/gcc/x86_64-linux-gnu/]
  ignore line: [LIBRARY_PATH=/usr/lib/gcc/x86_64-linux-gnu/4.9/:/usr/lib/gcc/x86_64-linux-gnu/4.9/../../../x86_64-linux-gnu/:/usr/lib/gcc/x86_64-linux-gnu/4.9/../../../../lib/:/lib/x86_64-linux-gnu/:/lib/../lib/:/usr/lib/x86_64-linux-gnu/:/usr/lib/../lib/:/usr/lib/gcc/x86_64-linux-gnu/4.9/../../../:/lib/:/usr/lib/]
  ignore line: [COLLECT_GCC_OPTIONS='-v' '-o' 'cmTryCompileExec287977864' '-rdynamic' '-mtune=generic' '-march=x86-64']
  link line: [ /usr/lib/gcc/x86_64-linux-gnu/4.9/collect2 -plugin /usr/lib/gcc/x86_64-linux-gnu/4.9/liblto_plugin.so -plugin-opt=/usr/lib/gcc/x86_64-linux-gnu/4.9/lto-wrapper -plugin-opt=-fresolution=/tmp/ccqOsDiH.res -plugin-opt=-pass-through=-lgcc -plugin-opt=-pass-through=-lgcc_s -plugin-opt=-pass-through=-lc -plugin-opt=-pass-through=-lgcc -plugin-opt=-pass-through=-lgcc_s --sysroot=/ --build-id --eh-frame-hdr -m elf_x86_64 --hash-style=gnu --as-needed -export-dynamic -dynamic-linker /lib64/ld-linux-x86-64.so.2 -z relro -o cmTryCompileExec287977864 /usr/lib/gcc/x86_64-linux-gnu/4.9/../../../x86_64-linux-gnu/crt1.o /usr/lib/gcc/x86_64-linux-gnu/4.9/../../../x86_64-linux-gnu/crti.o /usr/lib/gcc/x86_64-linux-gnu/4.9/crtbegin.o -L/usr/lib/gcc/x86_64-linux-gnu/4.9 -L/usr/lib/gcc/x86_64-linux-gnu/4.9/../../../x86_64-linux-gnu -L/usr/lib/gcc/x86_64-linux-gnu/4.9/../../../../lib -L/lib/x86_64-linux-gnu -L/lib/../lib -L/usr/lib/x86_64-linux-gnu -L/usr/lib/../lib -L/usr/lib/gcc/x86_64-linux-gnu/4.9/../../.. CMakeFiles/cmTryCompileExec287977864.dir/CMakeCCompilerABI.c.o -lgcc --as-needed -lgcc_s --no-as-needed -lc -lgcc --as-needed -lgcc_s --no-as-needed /usr/lib/gcc/x86_64-linux-gnu/4.9/crtend.o /usr/lib/gcc/x86_64-linux-gnu/4.9/../../../x86_64-linux-gnu/crtn.o]
    arg [/usr/lib/gcc/x86_64-linux-gnu/4.9/collect2] ==> ignore
    arg [-plugin] ==> ignore
    arg [/usr/lib/gcc/x86_64-linux-gnu/4.9/liblto_plugin.so] ==> ignore
    arg [-plugin-opt=/usr/lib/gcc/x86_64-linux-gnu/4.9/lto-wrapper] ==> ignore
    arg [-plugin-opt=-fresolution=/tmp/ccqOsDiH.res] ==> ignore
    arg [-plugin-opt=-pass-through=-lgcc] ==> ignore
    arg [-plugin-opt=-pass-through=-lgcc_s] ==> ignore
    arg [-plugin-opt=-pass-through=-lc] ==> ignore
    arg [-plugin-opt=-pass-through=-lgcc] ==> ignore
    arg [-plugin-opt=-pass-through=-lgcc_s] ==> ignore
    arg [--sysroot=/] ==> ignore
    arg [--build-id] ==> ignore
    arg [--eh-frame-hdr] ==> ignore
    arg [-m] ==> ignore
    arg [elf_x86_64] ==> ignore
    arg [--hash-style=gnu] ==> ignore
    arg [--as-needed] ==> ignore
    arg [-export-dynamic] ==> ignore
    arg [-dynamic-linker] ==> ignore
    arg [/lib64/ld-linux-x86-64.so.2] ==> ignore
    arg [-zrelro] ==> ignore
    arg [-o] ==> ignore
    arg [cmTryCompileExec287977864] ==> ignore
    arg [/usr/lib/gcc/x86_64-linux-gnu/4.9/../../../x86_64-linux-gnu/crt1.o] ==> ignore
    arg [/usr/lib/gcc/x86_64-linux-gnu/4.9/../../../x86_64-linux-gnu/crti.o] ==> ignore
    arg [/usr/lib/gcc/x86_64-linux-gnu/4.9/crtbegin.o] ==> ignore
    arg [-L/usr/lib/gcc/x86_64-linux-gnu/4.9] ==> dir [/usr/lib/gcc/x86_64-linux-gnu/4.9]
    arg [-L/usr/lib/gcc/x86_64-linux-gnu/4.9/../../../x86_64-linux-gnu] ==> dir [/usr/lib/gcc/x86_64-linux-gnu/4.9/../../../x86_64-linux-gnu]
    arg [-L/usr/lib/gcc/x86_64-linux-gnu/4.9/../../../../lib] ==> dir [/usr/lib/gcc/x86_64-linux-gnu/4.9/../../../../lib]
    arg [-L/lib/x86_64-linux-gnu] ==> dir [/lib/x86_64-linux-gnu]
    arg [-L/lib/../lib] ==> dir [/lib/../lib]
    arg [-L/usr/lib/x86_64-linux-gnu] ==> dir [/usr/lib/x86_64-linux-gnu]
    arg [-L/usr/lib/../lib] ==> dir [/usr/lib/../lib]
    arg [-L/usr/lib/gcc/x86_64-linux-gnu/4.9/../../..] ==> dir [/usr/lib/gcc/x86_64-linux-gnu/4.9/../../..]
    arg [CMakeFiles/cmTryCompileExec287977864.dir/CMakeCCompilerABI.c.o] ==> ignore
    arg [-lgcc] ==> lib [gcc]
    arg [--as-needed] ==> ignore
    arg [-lgcc_s] ==> lib [gcc_s]
    arg [--no-as-needed] ==> ignore
    arg [-lc] ==> lib [c]
    arg [-lgcc] ==> lib [gcc]
    arg [--as-needed] ==> ignore
    arg [-lgcc_s] ==> lib [gcc_s]
    arg [--no-as-needed] ==> ignore
    arg [/usr/lib/gcc/x86_64-linux-gnu/4.9/crtend.o] ==> ignore
    arg [/usr/lib/gcc/x86_64-linux-gnu/4.9/../../../x86_64-linux-gnu/crtn.o] ==> ignore
  remove lib [gcc]
  remove lib [gcc_s]
  remove lib [gcc]
  remove lib [gcc_s]
  collapse library dir [/usr/lib/gcc/x86_64-linux-gnu/4.9] ==> [/usr/lib/gcc/x86_64-linux-gnu/4.9]
  collapse library dir [/usr/lib/gcc/x86_64-linux-gnu/4.9/../../../x86_64-linux-gnu] ==> [/usr/lib/x86_64-linux-gnu]
  collapse library dir [/usr/lib/gcc/x86_64-linux-gnu/4.9/../../../../lib] ==> [/usr/lib]
  collapse library dir [/lib/x86_64-linux-gnu] ==> [/lib/x86_64-linux-gnu]
  collapse library dir [/lib/../lib] ==> [/lib]
  collapse library dir [/usr/lib/x86_64-linux-gnu] ==> [/usr/lib/x86_64-linux-gnu]
  collapse library dir [/usr/lib/../lib] ==> [/usr/lib]
  collapse library dir [/usr/lib/gcc/x86_64-linux-gnu/4.9/../../..] ==> [/usr/lib]
  implicit libs: [c]
  implicit dirs: [/usr/lib/gcc/x86_64-linux-gnu/4.9;/usr/lib/x86_64-linux-gnu;/usr/lib;/lib/x86_64-linux-gnu;/lib]
  implicit fwks: []


Determining if the include file pthread.h exists passed with the following output:
Change Dir: /media/christian/DATA/OCV_Android_2410/opencv-2.4.10/build/CMakeFiles/CMakeTmp

Run Build Command:/usr/bin/make "cmTryCompileExec750728594/fast"
/usr/bin/make -f CMakeFiles/cmTryCompileExec750728594.dir/build.make CMakeFiles/cmTryCompileExec750728594.dir/build
make[1]: Entering directory '/media/christian/DATA/OCV_Android_2410/opencv-2.4.10/build/CMakeFiles/CMakeTmp'
/usr/bin/cmake -E cmake_progress_report /media/christian/DATA/OCV_Android_2410/opencv-2.4.10/build/CMakeFiles/CMakeTmp/CMakeFiles 1
Building C object CMakeFiles/cmTryCompileExec750728594.dir/CheckIncludeFile.c.o
/usr/bin/cc   -fsigned-char -W -Wall -Werror=return-type -Werror=address -Werror=sequence-point -Wformat -Werror=format-security -Wmissing-declarations -Wmissing-prototypes -Wstrict-prototypes -Wundef -Winit-self -Wpointer-arith -Wshadow -Wno-narrowing -fdiagnostics-show-option -Wno-long-long -pthread -fomit-frame-pointer -msse -msse2 -msse3 -ffunction-sections  -O3 -DNDEBUG   -o CMakeFiles/cmTryCompileExec750728594.dir/CheckIncludeFile.c.o   -c /media/christian/DATA/OCV_Android_2410/opencv-2.4.10/build/CMakeFiles/CMakeTmp/CheckIncludeFile.c
Linking C executable cmTryCompileExec750728594
/usr/bin/cmake -E cmake_link_script CMakeFiles/cmTryCompileExec750728594.dir/link.txt --verbose=1
/usr/bin/cc     -fsigned-char -W -Wall -Werror=return-type -Werror=address -Werror=sequence-point -Wformat -Werror=format-security -Wmissing-declarations -Wmissing-prototypes -Wstrict-prototypes -Wundef -Winit-self -Wpointer-arith -Wshadow -Wno-narrowing -fdiagnostics-show-option -Wno-long-long -pthread -fomit-frame-pointer -msse -msse2 -msse3 -ffunction-sections  -O3 -DNDEBUG    CMakeFiles/cmTryCompileExec750728594.dir/CheckIncludeFile.c.o  -o cmTryCompileExec750728594 -rdynamic 
make[1]: Leaving directory '/media/christian/DATA/OCV_Android_2410/opencv-2.4.10/build/CMakeFiles/CMakeTmp'


Determining if the include file sys/types.h exists passed with the following output:
Change Dir: /media/christian/DATA/OCV_Android_2410/opencv-2.4.10/build/CMakeFiles/CMakeTmp

Run Build Command:/usr/bin/make "cmTryCompileExec2522367946/fast"
/usr/bin/make -f CMakeFiles/cmTryCompileExec2522367946.dir/build.make CMakeFiles/cmTryCompileExec2522367946.dir/build
make[1]: Entering directory '/media/christian/DATA/OCV_Android_2410/opencv-2.4.10/build/CMakeFiles/CMakeTmp'
/usr/bin/cmake -E cmake_progress_report /media/christian/DATA/OCV_Android_2410/opencv-2.4.10/build/CMakeFiles/CMakeTmp/CMakeFiles 1
Building C object CMakeFiles/cmTryCompileExec2522367946.dir/CheckIncludeFile.c.o
/usr/bin/cc   -fsigned-char -W -Wall -Werror=return-type -Werror=address -Werror=sequence-point -Wformat -Werror=format-security -Wmissing-declarations -Wmissing-prototypes -Wstrict-prototypes -Wundef -Winit-self -Wpointer-arith -Wshadow -Wno-narrowing -fdiagnostics-show-option -Wno-long-long -pthread -fomit-frame-pointer -msse -msse2 -msse3 -ffunction-sections  -O3 -DNDEBUG   -o CMakeFiles/cmTryCompileExec2522367946.dir/CheckIncludeFile.c.o   -c /media/christian/DATA/OCV_Android_2410/opencv-2.4.10/build/CMakeFiles/CMakeTmp/CheckIncludeFile.c
Linking C executable cmTryCompileExec2522367946
/usr/bin/cmake -E cmake_link_script CMakeFiles/cmTryCompileExec2522367946.dir/link.txt --verbose=1
/usr/bin/cc     -fsigned-char -W -Wall -Werror=return-type -Werror=address -Werror=sequence-point -Wformat -Werror=format-security -Wmissing-declarations -Wmissing-prototypes -Wstrict-prototypes -Wundef -Winit-self -Wpointer-arith -Wshadow -Wno-narrowing -fdiagnostics-show-option -Wno-long-long -pthread -fomit-frame-pointer -msse -msse2 -msse3 -ffunction-sections  -O3 -DNDEBUG    CMakeFiles/cmTryCompileExec2522367946.dir/CheckIncludeFile.c.o  -o cmTryCompileExec2522367946 -rdynamic 
make[1]: Leaving directory '/media/christian/DATA/OCV_Android_2410/opencv-2.4.10/build/CMakeFiles/CMakeTmp'


Determining if the include file stdint.h exists passed with the following output:
Change Dir: /media/christian/DATA/OCV_Android_2410/opencv-2.4.10/build/CMakeFiles/CMakeTmp

Run Build Command:/usr/bin/make "cmTryCompileExec1344287231/fast"
/usr/bin/make -f CMakeFiles/cmTryCompileExec1344287231.dir/build.make CMakeFiles/cmTryCompileExec1344287231.dir/build
make[1]: Entering directory '/media/christian/DATA/OCV_Android_2410/opencv-2.4.10/build/CMakeFiles/CMakeTmp'
/usr/bin/cmake -E cmake_progress_report /media/christian/DATA/OCV_Android_2410/opencv-2.4.10/build/CMakeFiles/CMakeTmp/CMakeFiles 1
Building C object CMakeFiles/cmTryCompileExec1344287231.dir/CheckIncludeFile.c.o
/usr/bin/cc   -fsigned-char -W -Wall -Werror=return-type -Werror=address -Werror=sequence-point -Wformat -Werror=format-security -Wmissing-declarations -Wmissing-prototypes -Wstrict-prototypes -Wundef -Winit-self -Wpointer-arith -Wshadow -Wno-narrowing -fdiagnostics-show-option -Wno-long-long -pthread -fomit-frame-pointer -msse -msse2 -msse3 -ffunction-sections  -O3 -DNDEBUG   -o CMakeFiles/cmTryCompileExec1344287231.dir/CheckIncludeFile.c.o   -c /media/christian/DATA/OCV_Android_2410/opencv-2.4.10/build/CMakeFiles/CMakeTmp/CheckIncludeFile.c
Linking C executable cmTryCompileExec1344287231
/usr/bin/cmake -E cmake_link_script CMakeFiles/cmTryCompileExec1344287231.dir/link.txt --verbose=1
/usr/bin/cc     -fsigned-char -W -Wall -Werror=return-type -Werror=address -Werror=sequence-point -Wformat -Werror=format-security -Wmissing-declarations -Wmissing-prototypes -Wstrict-prototypes -Wundef -Winit-self -Wpointer-arith -Wshadow -Wno-narrowing -fdiagnostics-show-option -Wno-long-long -pthread -fomit-frame-pointer -msse -msse2 -msse3 -ffunction-sections  -O3 -DNDEBUG    CMakeFiles/cmTryCompileExec1344287231.dir/CheckIncludeFile.c.o  -o cmTryCompileExec1344287231 -rdynamic 
make[1]: Leaving directory '/media/christian/DATA/OCV_Android_2410/opencv-2.4.10/build/CMakeFiles/CMakeTmp'


Determining if the include file stddef.h exists passed with the following output:
Change Dir: /media/christian/DATA/OCV_Android_2410/opencv-2.4.10/build/CMakeFiles/CMakeTmp

Run Build Command:/usr/bin/make "cmTryCompileExec3602365705/fast"
/usr/bin/make -f CMakeFiles/cmTryCompileExec3602365705.dir/build.make CMakeFiles/cmTryCompileExec3602365705.dir/build
make[1]: Entering directory '/media/christian/DATA/OCV_Android_2410/opencv-2.4.10/build/CMakeFiles/CMakeTmp'
/usr/bin/cmake -E cmake_progress_report /media/christian/DATA/OCV_Android_2410/opencv-2.4.10/build/CMakeFiles/CMakeTmp/CMakeFiles 1
Building C object CMakeFiles/cmTryCompileExec3602365705.dir/CheckIncludeFile.c.o
/usr/bin/cc   -fsigned-char -W -Wall -Werror=return-type -Werror=address -Werror=sequence-point -Wformat -Werror=format-security -Wmissing-declarations -Wmissing-prototypes -Wstrict-prototypes -Wundef -Winit-self -Wpointer-arith -Wshadow -Wno-narrowing -fdiagnostics-show-option -Wno-long-long -pthread -fomit-frame-pointer -msse -msse2 -msse3 -ffunction-sections  -O3 -DNDEBUG   -o CMakeFiles/cmTryCompileExec3602365705.dir/CheckIncludeFile.c.o   -c /media/christian/DATA/OCV_Android_2410/opencv-2.4.10/build/CMakeFiles/CMakeTmp/CheckIncludeFile.c
Linking C executable cmTryCompileExec3602365705
/usr/bin/cmake -E cmake_link_script CMakeFiles/cmTryCompileExec3602365705.dir/link.txt --verbose=1
/usr/bin/cc     -fsigned-char -W -Wall -Werror=return-type -Werror=address -Werror=sequence-point -Wformat -Werror=format-security -Wmissing-declarations -Wmissing-prototypes -Wstrict-prototypes -Wundef -Winit-self -Wpointer-arith -Wshadow -Wno-narrowing -fdiagnostics-show-option -Wno-long-long -pthread -fomit-frame-pointer -msse -msse2 -msse3 -ffunction-sections  -O3 -DNDEBUG    CMakeFiles/cmTryCompileExec3602365705.dir/CheckIncludeFile.c.o  -o cmTryCompileExec3602365705 -rdynamic 
make[1]: Leaving directory '/media/christian/DATA/OCV_Android_2410/opencv-2.4.10/build/CMakeFiles/CMakeTmp'


Determining size of unsigned short passed with the following output:
Change Dir: /media/christian/DATA/OCV_Android_2410/opencv-2.4.10/build/CMakeFiles/CMakeTmp

Run Build Command:/usr/bin/make "cmTryCompileExec3202992726/fast"
/usr/bin/make -f CMakeFiles/cmTryCompileExec3202992726.dir/build.make CMakeFiles/cmTryCompileExec3202992726.dir/build
make[1]: Entering directory '/media/christian/DATA/OCV_Android_2410/opencv-2.4.10/build/CMakeFiles/CMakeTmp'
/usr/bin/cmake -E cmake_progress_report /media/christian/DATA/OCV_Android_2410/opencv-2.4.10/build/CMakeFiles/CMakeTmp/CMakeFiles 1
Building C object CMakeFiles/cmTryCompileExec3202992726.dir/CMAKE_SIZEOF_UNSIGNED_SHORT.c.o
/usr/bin/cc   -fsigned-char -W -Wall -Werror=return-type -Werror=address -Werror=sequence-point -Wformat -Werror=format-security -Wmissing-declarations -Wmissing-prototypes -Wstrict-prototypes -Wundef -Winit-self -Wpointer-arith -Wshadow -Wno-narrowing -fdiagnostics-show-option -Wno-long-long -pthread -fomit-frame-pointer -msse -msse2 -msse3 -ffunction-sections  -O3 -DNDEBUG   -o CMakeFiles/cmTryCompileExec3202992726.dir/CMAKE_SIZEOF_UNSIGNED_SHORT.c.o   -c /media/christian/DATA/OCV_Android_2410/opencv-2.4.10/build/CMakeFiles/CheckTypeSize/CMAKE_SIZEOF_UNSIGNED_SHORT.c
Linking C executable cmTryCompileExec3202992726
/usr/bin/cmake -E cmake_link_script CMakeFiles/cmTryCompileExec3202992726.dir/link.txt --verbose=1
/usr/bin/cc     -fsigned-char -W -Wall -Werror=return-type -Werror=address -Werror=sequence-point -Wformat -Werror=format-security -Wmissing-declarations -Wmissing-prototypes -Wstrict-prototypes -Wundef -Winit-self -Wpointer-arith -Wshadow -Wno-narrowing -fdiagnostics-show-option -Wno-long-long -pthread -fomit-frame-pointer -msse -msse2 -msse3 -ffunction-sections  -O3 -DNDEBUG    CMakeFiles/cmTryCompileExec3202992726.dir/CMAKE_SIZEOF_UNSIGNED_SHORT.c.o  -o cmTryCompileExec3202992726 -rdynamic 
make[1]: Leaving directory '/media/christian/DATA/OCV_Android_2410/opencv-2.4.10/build/CMakeFiles/CMakeTmp'


Determining if the include file /usr/include/libpng/png.h exists passed with the following output:
Change Dir: /media/christian/DATA/OCV_Android_2410/opencv-2.4.10/build/CMakeFiles/CMakeTmp

Run Build Command:/usr/bin/make "cmTryCompileExec955670131/fast"
/usr/bin/make -f CMakeFiles/cmTryCompileExec955670131.dir/build.make CMakeFiles/cmTryCompileExec955670131.dir/build
make[1]: Entering directory '/media/christian/DATA/OCV_Android_2410/opencv-2.4.10/build/CMakeFiles/CMakeTmp'
/usr/bin/cmake -E cmake_progress_report /media/christian/DATA/OCV_Android_2410/opencv-2.4.10/build/CMakeFiles/CMakeTmp/CMakeFiles 1
Building C object CMakeFiles/cmTryCompileExec955670131.dir/CheckIncludeFile.c.o
/usr/bin/cc   -fsigned-char -W -Wall -Werror=return-type -Werror=address -Werror=sequence-point -Wformat -Werror=format-security -Wmissing-declarations -Wmissing-prototypes -Wstrict-prototypes -Wundef -Winit-self -Wpointer-arith -Wshadow -Wno-narrowing -fdiagnostics-show-option -Wno-long-long -pthread -fomit-frame-pointer -msse -msse2 -msse3 -ffunction-sections  -O3 -DNDEBUG   -o CMakeFiles/cmTryCompileExec955670131.dir/CheckIncludeFile.c.o   -c /media/christian/DATA/OCV_Android_2410/opencv-2.4.10/build/CMakeFiles/CMakeTmp/CheckIncludeFile.c
Linking C executable cmTryCompileExec955670131
/usr/bin/cmake -E cmake_link_script CMakeFiles/cmTryCompileExec955670131.dir/link.txt --verbose=1
/usr/bin/cc     -fsigned-char -W -Wall -Werror=return-type -Werror=address -Werror=sequence-point -Wformat -Werror=format-security -Wmissing-declarations -Wmissing-prototypes -Wstrict-prototypes -Wundef -Winit-self -Wpointer-arith -Wshadow -Wno-narrowing -fdiagnostics-show-option -Wno-long-long -pthread -fomit-frame-pointer -msse -msse2 -msse3 -ffunction-sections  -O3 -DNDEBUG    CMakeFiles/cmTryCompileExec955670131.dir/CheckIncludeFile.c.o  -o cmTryCompileExec955670131 -rdynamic 
make[1]: Leaving directory '/media/christian/DATA/OCV_Android_2410/opencv-2.4.10/build/CMakeFiles/CMakeTmp'


Determining if the include file linux/videodev2.h exists passed with the following output:
Change Dir: /media/christian/DATA/OCV_Android_2410/opencv-2.4.10/build/CMakeFiles/CMakeTmp

Run Build Command:/usr/bin/make "cmTryCompileExec258550345/fast"
/usr/bin/make -f CMakeFiles/cmTryCompileExec258550345.dir/build.make CMakeFiles/cmTryCompileExec258550345.dir/build
make[1]: Entering directory '/media/christian/DATA/OCV_Android_2410/opencv-2.4.10/build/CMakeFiles/CMakeTmp'
/usr/bin/cmake -E cmake_progress_report /media/christian/DATA/OCV_Android_2410/opencv-2.4.10/build/CMakeFiles/CMakeTmp/CMakeFiles 1
Building C object CMakeFiles/cmTryCompileExec258550345.dir/CheckIncludeFile.c.o
/usr/bin/cc   -fsigned-char -W -Wall -Werror=return-type -Werror=address -Werror=sequence-point -Wformat -Werror=format-security -Wmissing-declarations -Wmissing-prototypes -Wstrict-prototypes -Wundef -Winit-self -Wpointer-arith -Wshadow -Wno-narrowing -fdiagnostics-show-option -Wno-long-long -pthread -fomit-frame-pointer -msse -msse2 -msse3 -ffunction-sections  -O3 -DNDEBUG   -o CMakeFiles/cmTryCompileExec258550345.dir/CheckIncludeFile.c.o   -c /media/christian/DATA/OCV_Android_2410/opencv-2.4.10/build/CMakeFiles/CMakeTmp/CheckIncludeFile.c
Linking C executable cmTryCompileExec258550345
/usr/bin/cmake -E cmake_link_script CMakeFiles/cmTryCompileExec258550345.dir/link.txt --verbose=1
/usr/bin/cc     -fsigned-char -W -Wall -Werror=return-type -Werror=address -Werror=sequence-point -Wformat -Werror=format-security -Wmissing-declarations -Wmissing-prototypes -Wstrict-prototypes -Wundef -Winit-self -Wpointer-arith -Wshadow -Wno-narrowing -fdiagnostics-show-option -Wno-long-long -pthread -fomit-frame-pointer -msse -msse2 -msse3 -ffunction-sections  -O3 -DNDEBUG    CMakeFiles/cmTryCompileExec258550345.dir/CheckIncludeFile.c.o  -o cmTryCompileExec258550345 -rdynamic 
make[1]: Leaving directory '/media/christian/DATA/OCV_Android_2410/opencv-2.4.10/build/CMakeFiles/CMakeTmp'


Determining if the include file libavformat/avformat.h exists passed with the following output:
Change Dir: /media/christian/DATA/OCV_Android_2410/opencv-2.4.10/build/CMakeFiles/CMakeTmp

Run Build Command:/usr/bin/make "cmTryCompileExec1666619154/fast"
/usr/bin/make -f CMakeFiles/cmTryCompileExec1666619154.dir/build.make CMakeFiles/cmTryCompileExec1666619154.dir/build
make[1]: Entering directory '/media/christian/DATA/OCV_Android_2410/opencv-2.4.10/build/CMakeFiles/CMakeTmp'
/usr/bin/cmake -E cmake_progress_report /media/christian/DATA/OCV_Android_2410/opencv-2.4.10/build/CMakeFiles/CMakeTmp/CMakeFiles 1
Building C object CMakeFiles/cmTryCompileExec1666619154.dir/CheckIncludeFile.c.o
/usr/bin/cc   -fsigned-char -W -Wall -Werror=return-type -Werror=address -Werror=sequence-point -Wformat -Werror=format-security -Wmissing-declarations -Wmissing-prototypes -Wstrict-prototypes -Wundef -Winit-self -Wpointer-arith -Wshadow -Wno-narrowing -fdiagnostics-show-option -Wno-long-long -pthread -fomit-frame-pointer -msse -msse2 -msse3 -ffunction-sections  -O3 -DNDEBUG   -o CMakeFiles/cmTryCompileExec1666619154.dir/CheckIncludeFile.c.o   -c /media/christian/DATA/OCV_Android_2410/opencv-2.4.10/build/CMakeFiles/CMakeTmp/CheckIncludeFile.c
Linking C executable cmTryCompileExec1666619154
/usr/bin/cmake -E cmake_link_script CMakeFiles/cmTryCompileExec1666619154.dir/link.txt --verbose=1
/usr/bin/cc     -fsigned-char -W -Wall -Werror=return-type -Werror=address -Werror=sequence-point -Wformat -Werror=format-security -Wmissing-declarations -Wmissing-prototypes -Wstrict-prototypes -Wundef -Winit-self -Wpointer-arith -Wshadow -Wno-narrowing -fdiagnostics-show-option -Wno-long-long -pthread -fomit-frame-pointer -msse -msse2 -msse3 -ffunction-sections  -O3 -DNDEBUG    CMakeFiles/cmTryCompileExec1666619154.dir/CheckIncludeFile.c.o  -o cmTryCompileExec1666619154 -rdynamic 
make[1]: Leaving directory '/media/christian/DATA/OCV_Android_2410/opencv-2.4.10/build/CMakeFiles/CMakeTmp'


Determining if the include file linux/videodev2.h exists passed with the following output:
Change Dir: /media/christian/DATA/OCV_Android_2410/opencv-2.4.10/build/CMakeFiles/CMakeTmp

Run Build Command:/usr/bin/make "cmTryCompileExec2479902250/fast"
/usr/bin/make -f CMakeFiles/cmTryCompileExec2479902250.dir/build.make CMakeFiles/cmTryCompileExec2479902250.dir/build
make[1]: Entering directory '/media/christian/DATA/OCV_Android_2410/opencv-2.4.10/build/CMakeFiles/CMakeTmp'
/usr/bin/cmake -E cmake_progress_report /media/christian/DATA/OCV_Android_2410/opencv-2.4.10/build/CMakeFiles/CMakeTmp/CMakeFiles 1
Building C object CMakeFiles/cmTryCompileExec2479902250.dir/CheckIncludeFile.c.o
/usr/bin/cc   -fsigned-char -W -Wall -Werror=return-type -Werror=address -Werror=sequence-point -Wformat -Werror=format-security -Wmissing-declarations -Wmissing-prototypes -Wstrict-prototypes -Wundef -Winit-self -Wpointer-arith -Wshadow -Wno-narrowing -fdiagnostics-show-option -Wno-long-long -pthread -fomit-frame-pointer -msse -msse2 -msse3 -ffunction-sections  -O3 -DNDEBUG   -o CMakeFiles/cmTryCompileExec2479902250.dir/CheckIncludeFile.c.o   -c /media/christian/DATA/OCV_Android_2410/opencv-2.4.10/build/CMakeFiles/CMakeTmp/CheckIncludeFile.c
Linking C executable cmTryCompileExec2479902250
/usr/bin/cmake -E cmake_link_script CMakeFiles/cmTryCompileExec2479902250.dir/link.txt --verbose=1
/usr/bin/cc     -fsigned-char -W -Wall -Werror=return-type -Werror=address -Werror=sequence-point -Wformat -Werror=format-security -Wmissing-declarations -Wmissing-prototypes -Wstrict-prototypes -Wundef -Winit-self -Wpointer-arith -Wshadow -Wno-narrowing -fdiagnostics-show-option -Wno-long-long -pthread -fomit-frame-pointer -msse -msse2 -msse3 -ffunction-sections  -O3 -DNDEBUG    CMakeFiles/cmTryCompileExec2479902250.dir/CheckIncludeFile.c.o  -o cmTryCompileExec2479902250 -rdynamic 
make[1]: Leaving directory '/media/christian/DATA/OCV_Android_2410/opencv-2.4.10/build/CMakeFiles/CMakeTmp'


Determining if the include file libavformat/avformat.h exists passed with the following output:
Change Dir: /media/christian/DATA/OCV_Android_2410/opencv-2.4.10/build/CMakeFiles/CMakeTmp

Run Build Command:/usr/bin/make "cmTryCompileExec4099930408/fast"
/usr/bin/make -f CMakeFiles/cmTryCompileExec4099930408.dir/build.make CMakeFiles/cmTryCompileExec4099930408.dir/build
make[1]: Entering directory '/media/christian/DATA/OCV_Android_2410/opencv-2.4.10/build/CMakeFiles/CMakeTmp'
/usr/bin/cmake -E cmake_progress_report /media/christian/DATA/OCV_Android_2410/opencv-2.4.10/build/CMakeFiles/CMakeTmp/CMakeFiles 1
Building C object CMakeFiles/cmTryCompileExec4099930408.dir/CheckIncludeFile.c.o
/usr/bin/cc   -fsigned-char -W -Wall -Werror=return-type -Werror=address -Werror=sequence-point -Wformat -Werror=format-security -Wmissing-declarations -Wmissing-prototypes -Wstrict-prototypes -Wundef -Winit-self -Wpointer-arith -Wshadow -Wno-narrowing -fdiagnostics-show-option -Wno-long-long -pthread -fomit-frame-pointer -msse -msse2 -msse3 -ffunction-sections  -O3 -DNDEBUG   -o CMakeFiles/cmTryCompileExec4099930408.dir/CheckIncludeFile.c.o   -c /media/christian/DATA/OCV_Android_2410/opencv-2.4.10/build/CMakeFiles/CMakeTmp/CheckIncludeFile.c
Linking C executable cmTryCompileExec4099930408
/usr/bin/cmake -E cmake_link_script CMakeFiles/cmTryCompileExec4099930408.dir/link.txt --verbose=1
/usr/bin/cc     -fsigned-char -W -Wall -Werror=return-type -Werror=address -Werror=sequence-point -Wformat -Werror=format-security -Wmissing-declarations -Wmissing-prototypes -Wstrict-prototypes -Wundef -Winit-self -Wpointer-arith -Wshadow -Wno-narrowing -fdiagnostics-show-option -Wno-long-long -pthread -fomit-frame-pointer -msse -msse2 -msse3 -ffunction-sections  -O3 -DNDEBUG    CMakeFiles/cmTryCompileExec4099930408.dir/CheckIncludeFile.c.o  -o cmTryCompileExec4099930408 -rdynamic 
make[1]: Leaving directory '/media/christian/DATA/OCV_Android_2410/opencv-2.4.10/build/CMakeFiles/CMakeTmp'


Determining if the include file linux/videodev2.h exists passed with the following output:
Change Dir: /media/christian/DATA/OCV_Android_2410/opencv-2.4.10/build/CMakeFiles/CMakeTmp

Run Build Command:/usr/bin/make "cmTryCompileExec2278985375/fast"
make[1]: Entering directory '/media/christian/DATA/OCV_Android_2410/opencv-2.4.10/build/CMakeFiles/CMakeTmp'
/usr/bin/make -f CMakeFiles/cmTryCompileExec2278985375.dir/build.make CMakeFiles/cmTryCompileExec2278985375.dir/build
make[2]: Entering directory '/media/christian/DATA/OCV_Android_2410/opencv-2.4.10/build/CMakeFiles/CMakeTmp'
/usr/bin/cmake -E cmake_progress_report /media/christian/DATA/OCV_Android_2410/opencv-2.4.10/build/CMakeFiles/CMakeTmp/CMakeFiles 1
Building C object CMakeFiles/cmTryCompileExec2278985375.dir/CheckIncludeFile.c.o
/usr/bin/cc   -fsigned-char -W -Wall -Werror=return-type -Werror=address -Werror=sequence-point -Wformat -Werror=format-security -Wmissing-declarations -Wmissing-prototypes -Wstrict-prototypes -Wundef -Winit-self -Wpointer-arith -Wshadow -Wno-narrowing -fdiagnostics-show-option -Wno-long-long -pthread -fomit-frame-pointer -msse -msse2 -msse3 -ffunction-sections  -O3 -DNDEBUG   -o CMakeFiles/cmTryCompileExec2278985375.dir/CheckIncludeFile.c.o   -c /media/christian/DATA/OCV_Android_2410/opencv-2.4.10/build/CMakeFiles/CMakeTmp/CheckIncludeFile.c
Linking C executable cmTryCompileExec2278985375
/usr/bin/cmake -E cmake_link_script CMakeFiles/cmTryCompileExec2278985375.dir/link.txt --verbose=1
/usr/bin/cc     -fsigned-char -W -Wall -Werror=return-type -Werror=address -Werror=sequence-point -Wformat -Werror=format-security -Wmissing-declarations -Wmissing-prototypes -Wstrict-prototypes -Wundef -Winit-self -Wpointer-arith -Wshadow -Wno-narrowing -fdiagnostics-show-option -Wno-long-long -pthread -fomit-frame-pointer -msse -msse2 -msse3 -ffunction-sections  -O3 -DNDEBUG    CMakeFiles/cmTryCompileExec2278985375.dir/CheckIncludeFile.c.o  -o cmTryCompileExec2278985375 -rdynamic 
make[2]: Leaving directory '/media/christian/DATA/OCV_Android_2410/opencv-2.4.10/build/CMakeFiles/CMakeTmp'
make[1]: Leaving directory '/media/christian/DATA/OCV_Android_2410/opencv-2.4.10/build/CMakeFiles/CMakeTmp'


Determining if the include file libavformat/avformat.h exists passed with the following output:
Change Dir: /media/christian/DATA/OCV_Android_2410/opencv-2.4.10/build/CMakeFiles/CMakeTmp

Run Build Command:/usr/bin/make "cmTryCompileExec3843778632/fast"
make[1]: Entering directory '/media/christian/DATA/OCV_Android_2410/opencv-2.4.10/build/CMakeFiles/CMakeTmp'
/usr/bin/make -f CMakeFiles/cmTryCompileExec3843778632.dir/build.make CMakeFiles/cmTryCompileExec3843778632.dir/build
make[2]: Entering directory '/media/christian/DATA/OCV_Android_2410/opencv-2.4.10/build/CMakeFiles/CMakeTmp'
/usr/bin/cmake -E cmake_progress_report /media/christian/DATA/OCV_Android_2410/opencv-2.4.10/build/CMakeFiles/CMakeTmp/CMakeFiles 1
Building C object CMakeFiles/cmTryCompileExec3843778632.dir/CheckIncludeFile.c.o
/usr/bin/cc   -fsigned-char -W -Wall -Werror=return-type -Werror=address -Werror=sequence-point -Wformat -Werror=format-security -Wmissing-declarations -Wmissing-prototypes -Wstrict-prototypes -Wundef -Winit-self -Wpointer-arith -Wshadow -Wno-narrowing -fdiagnostics-show-option -Wno-long-long -pthread -fomit-frame-pointer -msse -msse2 -msse3 -ffunction-sections  -O3 -DNDEBUG   -o CMakeFiles/cmTryCompileExec3843778632.dir/CheckIncludeFile.c.o   -c /media/christian/DATA/OCV_Android_2410/opencv-2.4.10/build/CMakeFiles/CMakeTmp/CheckIncludeFile.c
Linking C executable cmTryCompileExec3843778632
/usr/bin/cmake -E cmake_link_script CMakeFiles/cmTryCompileExec3843778632.dir/link.txt --verbose=1
/usr/bin/cc     -fsigned-char -W -Wall -Werror=return-type -Werror=address -Werror=sequence-point -Wformat -Werror=format-security -Wmissing-declarations -Wmissing-prototypes -Wstrict-prototypes -Wundef -Winit-self -Wpointer-arith -Wshadow -Wno-narrowing -fdiagnostics-show-option -Wno-long-long -pthread -fomit-frame-pointer -msse -msse2 -msse3 -ffunction-sections  -O3 -DNDEBUG    CMakeFiles/cmTryCompileExec3843778632.dir/CheckIncludeFile.c.o  -o cmTryCompileExec3843778632 -rdynamic 
make[2]: Leaving directory '/media/christian/DATA/OCV_Android_2410/opencv-2.4.10/build/CMakeFiles/CMakeTmp'
make[1]: Leaving directory '/media/christian/DATA/OCV_Android_2410/opencv-2.4.10/build/CMakeFiles/CMakeTmp'


Determining if the include file linux/videodev2.h exists passed with the following output:
Change Dir: /media/christian/DATA/OCV_Android_2410/opencv-2.4.10/build/CMakeFiles/CMakeTmp

Run Build Command:/usr/bin/make "cmTryCompileExec2763189765/fast"
/usr/bin/make -f CMakeFiles/cmTryCompileExec2763189765.dir/build.make CMakeFiles/cmTryCompileExec2763189765.dir/build
make[1]: Entering directory '/media/christian/DATA/OCV_Android_2410/opencv-2.4.10/build/CMakeFiles/CMakeTmp'
/usr/bin/cmake -E cmake_progress_report /media/christian/DATA/OCV_Android_2410/opencv-2.4.10/build/CMakeFiles/CMakeTmp/CMakeFiles 1
Building C object CMakeFiles/cmTryCompileExec2763189765.dir/CheckIncludeFile.c.o
/usr/bin/cc   -fsigned-char -W -Wall -Werror=return-type -Werror=address -Werror=sequence-point -Wformat -Werror=format-security -Wmissing-declarations -Wmissing-prototypes -Wstrict-prototypes -Wundef -Winit-self -Wpointer-arith -Wshadow -Wno-narrowing -fdiagnostics-show-option -Wno-long-long -pthread -fomit-frame-pointer -msse -msse2 -msse3 -ffunction-sections  -O3 -DNDEBUG   -o CMakeFiles/cmTryCompileExec2763189765.dir/CheckIncludeFile.c.o   -c /media/christian/DATA/OCV_Android_2410/opencv-2.4.10/build/CMakeFiles/CMakeTmp/CheckIncludeFile.c
Linking C executable cmTryCompileExec2763189765
/usr/bin/cmake -E cmake_link_script CMakeFiles/cmTryCompileExec2763189765.dir/link.txt --verbose=1
/usr/bin/cc     -fsigned-char -W -Wall -Werror=return-type -Werror=address -Werror=sequence-point -Wformat -Werror=format-security -Wmissing-declarations -Wmissing-prototypes -Wstrict-prototypes -Wundef -Winit-self -Wpointer-arith -Wshadow -Wno-narrowing -fdiagnostics-show-option -Wno-long-long -pthread -fomit-frame-pointer -msse -msse2 -msse3 -ffunction-sections  -O3 -DNDEBUG    CMakeFiles/cmTryCompileExec2763189765.dir/CheckIncludeFile.c.o  -o cmTryCompileExec2763189765 -rdynamic 
make[1]: Leaving directory '/media/christian/DATA/OCV_Android_2410/opencv-2.4.10/build/CMakeFiles/CMakeTmp'


Determining if the include file libavformat/avformat.h exists passed with the following output:
Change Dir: /media/christian/DATA/OCV_Android_2410/opencv-2.4.10/build/CMakeFiles/CMakeTmp

Run Build Command:/usr/bin/make "cmTryCompileExec77151304/fast"
/usr/bin/make -f CMakeFiles/cmTryCompileExec77151304.dir/build.make CMakeFiles/cmTryCompileExec77151304.dir/build
make[1]: Entering directory '/media/christian/DATA/OCV_Android_2410/opencv-2.4.10/build/CMakeFiles/CMakeTmp'
/usr/bin/cmake -E cmake_progress_report /media/christian/DATA/OCV_Android_2410/opencv-2.4.10/build/CMakeFiles/CMakeTmp/CMakeFiles 1
Building C object CMakeFiles/cmTryCompileExec77151304.dir/CheckIncludeFile.c.o
/usr/bin/cc   -fsigned-char -W -Wall -Werror=return-type -Werror=address -Werror=sequence-point -Wformat -Werror=format-security -Wmissing-declarations -Wmissing-prototypes -Wstrict-prototypes -Wundef -Winit-self -Wpointer-arith -Wshadow -Wno-narrowing -fdiagnostics-show-option -Wno-long-long -pthread -fomit-frame-pointer -msse -msse2 -msse3 -ffunction-sections  -O3 -DNDEBUG   -o CMakeFiles/cmTryCompileExec77151304.dir/CheckIncludeFile.c.o   -c /media/christian/DATA/OCV_Android_2410/opencv-2.4.10/build/CMakeFiles/CMakeTmp/CheckIncludeFile.c
Linking C executable cmTryCompileExec77151304
/usr/bin/cmake -E cmake_link_script CMakeFiles/cmTryCompileExec77151304.dir/link.txt --verbose=1
/usr/bin/cc     -fsigned-char -W -Wall -Werror=return-type -Werror=address -Werror=sequence-point -Wformat -Werror=format-security -Wmissing-declarations -Wmissing-prototypes -Wstrict-prototypes -Wundef -Winit-self -Wpointer-arith -Wshadow -Wno-narrowing -fdiagnostics-show-option -Wno-long-long -pthread -fomit-frame-pointer -msse -msse2 -msse3 -ffunction-sections  -O3 -DNDEBUG    CMakeFiles/cmTryCompileExec77151304.dir/CheckIncludeFile.c.o  -o cmTryCompileExec77151304 -rdynamic 
make[1]: Leaving directory '/media/christian/DATA/OCV_Android_2410/opencv-2.4.10/build/CMakeFiles/CMakeTmp'


Determining if the include file linux/videodev2.h exists passed with the following output:
Change Dir: /media/christian/DATA/OCV_Android_2410/opencv-2.4.10/build/CMakeFiles/CMakeTmp

Run Build Command:/usr/bin/make "cmTryCompileExec1232651852/fast"
/usr/bin/make -f CMakeFiles/cmTryCompileExec1232651852.dir/build.make CMakeFiles/cmTryCompileExec1232651852.dir/build
make[1]: Entering directory '/media/christian/DATA/OCV_Android_2410/opencv-2.4.10/build/CMakeFiles/CMakeTmp'
/usr/bin/cmake -E cmake_progress_report /media/christian/DATA/OCV_Android_2410/opencv-2.4.10/build/CMakeFiles/CMakeTmp/CMakeFiles 1
Building C object CMakeFiles/cmTryCompileExec1232651852.dir/CheckIncludeFile.c.o
/usr/bin/cc   -fsigned-char -W -Wall -Werror=return-type -Werror=address -Werror=sequence-point -Wformat -Werror=format-security -Wmissing-declarations -Wmissing-prototypes -Wstrict-prototypes -Wundef -Winit-self -Wpointer-arith -Wshadow -Wno-narrowing -fdiagnostics-show-option -Wno-long-long -pthread -fomit-frame-pointer -msse -msse2 -msse3 -ffunction-sections  -O3 -DNDEBUG   -o CMakeFiles/cmTryCompileExec1232651852.dir/CheckIncludeFile.c.o   -c /media/christian/DATA/OCV_Android_2410/opencv-2.4.10/build/CMakeFiles/CMakeTmp/CheckIncludeFile.c
Linking C executable cmTryCompileExec1232651852
/usr/bin/cmake -E cmake_link_script CMakeFiles/cmTryCompileExec1232651852.dir/link.txt --verbose=1
/usr/bin/cc     -fsigned-char -W -Wall -Werror=return-type -Werror=address -Werror=sequence-point -Wformat -Werror=format-security -Wmissing-declarations -Wmissing-prototypes -Wstrict-prototypes -Wundef -Winit-self -Wpointer-arith -Wshadow -Wno-narrowing -fdiagnostics-show-option -Wno-long-long -pthread -fomit-frame-pointer -msse -msse2 -msse3 -ffunction-sections  -O3 -DNDEBUG    CMakeFiles/cmTryCompileExec1232651852.dir/CheckIncludeFile.c.o  -o cmTryCompileExec1232651852 -rdynamic 
make[1]: Leaving directory '/media/christian/DATA/OCV_Android_2410/opencv-2.4.10/build/CMakeFiles/CMakeTmp'


Determining if the include file libavformat/avformat.h exists passed with the following output:
Change Dir: /media/christian/DATA/OCV_Android_2410/opencv-2.4.10/build/CMakeFiles/CMakeTmp

Run Build Command:/usr/bin/make "cmTryCompileExec1848676564/fast"
/usr/bin/make -f CMakeFiles/cmTryCompileExec1848676564.dir/build.make CMakeFiles/cmTryCompileExec1848676564.dir/build
make[1]: Entering directory '/media/christian/DATA/OCV_Android_2410/opencv-2.4.10/build/CMakeFiles/CMakeTmp'
/usr/bin/cmake -E cmake_progress_report /media/christian/DATA/OCV_Android_2410/opencv-2.4.10/build/CMakeFiles/CMakeTmp/CMakeFiles 1
Building C object CMakeFiles/cmTryCompileExec1848676564.dir/CheckIncludeFile.c.o
/usr/bin/cc   -fsigned-char -W -Wall -Werror=return-type -Werror=address -Werror=sequence-point -Wformat -Werror=format-security -Wmissing-declarations -Wmissing-prototypes -Wstrict-prototypes -Wundef -Winit-self -Wpointer-arith -Wshadow -Wno-narrowing -fdiagnostics-show-option -Wno-long-long -pthread -fomit-frame-pointer -msse -msse2 -msse3 -ffunction-sections  -O3 -DNDEBUG   -o CMakeFiles/cmTryCompileExec1848676564.dir/CheckIncludeFile.c.o   -c /media/christian/DATA/OCV_Android_2410/opencv-2.4.10/build/CMakeFiles/CMakeTmp/CheckIncludeFile.c
Linking C executable cmTryCompileExec1848676564
/usr/bin/cmake -E cmake_link_script CMakeFiles/cmTryCompileExec1848676564.dir/link.txt --verbose=1
/usr/bin/cc     -fsigned-char -W -Wall -Werror=return-type -Werror=address -Werror=sequence-point -Wformat -Werror=format-security -Wmissing-declarations -Wmissing-prototypes -Wstrict-prototypes -Wundef -Winit-self -Wpointer-arith -Wshadow -Wno-narrowing -fdiagnostics-show-option -Wno-long-long -pthread -fomit-frame-pointer -msse -msse2 -msse3 -ffunction-sections  -O3 -DNDEBUG    CMakeFiles/cmTryCompileExec1848676564.dir/CheckIncludeFile.c.o  -o cmTryCompileExec1848676564 -rdynamic 
make[1]: Leaving directory '/media/christian/DATA/OCV_Android_2410/opencv-2.4.10/build/CMakeFiles/CMakeTmp'


